<?xml version="1.0" encoding="UTF-8"?>
<testsuite name="FundManagementServiceV1SOAP.FundManagementService - Soap" tests="2" failures="1" errors="0" time="3.841"><properties><property name="java.specification.version" value="16"/><property name="sun.jnu.encoding" value="ANSI_X3.4-1968"/><property name="java.class.path" value="/usr/local/SmartBear/SoapUI-5.7.2/jre/lib/jfxrt.jar:/usr/local/SmartBear/SoapUI-5.7.2/bin/soapui-5.7.2.jar:/usr/local/SmartBear/SoapUI-5.7.2/lib/FastInfoset-1.2.16.jar:/usr/local/SmartBear/SoapUI-5.7.2/lib/accessors-smart-1.2.jar:/usr/local/SmartBear/SoapUI-5.7.2/lib/activation-1.1.jar:/usr/local/SmartBear/SoapUI-5.7.2/lib/analytics-core-5.5.3.jar:/usr/local/SmartBear/SoapUI-5.7.2/lib/animal-sniffer-annotations-1.11.jar:/usr/local/SmartBear/SoapUI-5.7.2/lib/ant-1.10.8.jar:/usr/local/SmartBear/SoapUI-5.7.2/lib/ant-antlr-1.10.8.jar:/usr/local/SmartBear/SoapUI-5.7.2/lib/ant-junit-1.10.8.jar:/usr/local/SmartBear/SoapUI-5.7.2/lib/ant-launcher-1.10.8.jar:/usr/local/SmartBear/SoapUI-5.7.2/lib/antlr4-runtime-4.9.2.jar:/usr/local/SmartBear/SoapUI-5.7.2/lib/aopalliance-repackaged-2.6.1.jar:/usr/local/SmartBear/SoapUI-5.7.2/lib/bcprov-jdk15on-1.64.jar:/usr/local/SmartBear/SoapUI-5.7.2/lib/binding-2.0.1.jar:/usr/local/SmartBear/SoapUI-5.7.2/lib/btf-1.2.jar:/usr/local/SmartBear/SoapUI-5.7.2/lib/cal10n-api-0.8.1.jar:/usr/local/SmartBear/SoapUI-5.7.2/lib/commons-beanutils-1.9.4.jar:/usr/local/SmartBear/SoapUI-5.7.2/lib/commons-cli-1.2.jar:/usr/local/SmartBear/SoapUI-5.7.2/lib/commons-codec-1.10.jar:/usr/local/SmartBear/SoapUI-5.7.2/lib/commons-collections-3.2.2.jar:/usr/local/SmartBear/SoapUI-5.7.2/lib/commons-csv-1.1.jar:/usr/local/SmartBear/SoapUI-5.7.2/lib/commons-fileupload-1.4.jar:/usr/local/SmartBear/SoapUI-5.7.2/lib/commons-httpclient-3.1.jar:/usr/local/SmartBear/SoapUI-5.7.2/lib/commons-io-2.4.jar:/usr/local/SmartBear/SoapUI-5.7.2/lib/commons-lang-2.4.jar:/usr/local/SmartBear/SoapUI-5.7.2/lib/commons-lang3-3.4.jar:/usr/local/SmartBear/SoapUI-5.7.2/lib/commons-logging-1.1.1.jar:/usr/local/SmartBear/SoapUI-5.7.2/lib/cssparser-0.9.5.jar:/usr/local/SmartBear/SoapUI-5.7.2/lib/dom4j-1.6.1.jar:/usr/local/SmartBear/SoapUI-5.7.2/lib/ezmorph-1.0.5.jar:/usr/local/SmartBear/SoapUI-5.7.2/lib/flex-messaging-common-1.0.jar:/usr/local/SmartBear/SoapUI-5.7.2/lib/flex-messaging-core-1.0.jar:/usr/local/SmartBear/SoapUI-5.7.2/lib/flex-messaging-opt-1.0.jar:/usr/local/SmartBear/SoapUI-5.7.2/lib/flex-messaging-proxy-1.0.jar:/usr/local/SmartBear/SoapUI-5.7.2/lib/flex-messaging-remoting-1.0.jar:/usr/local/SmartBear/SoapUI-5.7.2/lib/forms-1.0.7.jar:/usr/local/SmartBear/SoapUI-5.7.2/lib/google-http-client-1.21.0.jar:/usr/local/SmartBear/SoapUI-5.7.2/lib/google-oauth-client-1.21.0.jar:/usr/local/SmartBear/SoapUI-5.7.2/lib/graphql-java-17.3.jar:/usr/local/SmartBear/SoapUI-5.7.2/lib/groovy-3.0.6.jar:/usr/local/SmartBear/SoapUI-5.7.2/lib/groovy-ant-3.0.6.jar:/usr/local/SmartBear/SoapUI-5.7.2/lib/groovy-astbuilder-3.0.6.jar:/usr/local/SmartBear/SoapUI-5.7.2/lib/groovy-cli-picocli-3.0.6.jar:/usr/local/SmartBear/SoapUI-5.7.2/lib/groovy-console-3.0.6.jar:/usr/local/SmartBear/SoapUI-5.7.2/lib/groovy-datetime-3.0.6.jar:/usr/local/SmartBear/SoapUI-5.7.2/lib/groovy-dateutil-3.0.6.jar:/usr/local/SmartBear/SoapUI-5.7.2/lib/groovy-docgenerator-3.0.6.jar:/usr/local/SmartBear/SoapUI-5.7.2/lib/groovy-groovydoc-3.0.6.jar:/usr/local/SmartBear/SoapUI-5.7.2/lib/groovy-groovysh-3.0.6.jar:/usr/local/SmartBear/SoapUI-5.7.2/lib/groovy-jmx-3.0.6.jar:/usr/local/SmartBear/SoapUI-5.7.2/lib/groovy-json-3.0.6.jar:/usr/local/SmartBear/SoapUI-5.7.2/lib/groovy-jsr223-3.0.6.jar:/usr/local/SmartBear/SoapUI-5.7.2/lib/groovy-macro-3.0.6.jar:/usr/local/SmartBear/SoapUI-5.7.2/lib/groovy-nio-3.0.6.jar:/usr/local/SmartBear/SoapUI-5.7.2/lib/groovy-servlet-3.0.6.jar:/usr/local/SmartBear/SoapUI-5.7.2/lib/groovy-sql-3.0.6.jar:/usr/local/SmartBear/SoapUI-5.7.2/lib/groovy-swing-3.0.6.jar:/usr/local/SmartBear/SoapUI-5.7.2/lib/groovy-templates-3.0.6.jar:/usr/local/SmartBear/SoapUI-5.7.2/lib/groovy-test-3.0.6.jar:/usr/local/SmartBear/SoapUI-5.7.2/lib/groovy-test-junit5-3.0.6.jar:/usr/local/SmartBear/SoapUI-5.7.2/lib/groovy-testng-3.0.6.jar:/usr/local/SmartBear/SoapUI-5.7.2/lib/groovy-xml-3.0.6.jar:/usr/local/SmartBear/SoapUI-5.7.2/lib/guava-14.0.jar:/usr/local/SmartBear/SoapUI-5.7.2/lib/hamcrest-core-1.3.jar:/usr/local/SmartBear/SoapUI-5.7.2/lib/hermes-1.14.jar:/usr/local/SmartBear/SoapUI-5.7.2/lib/hk2-api-2.6.1.jar:/usr/local/SmartBear/SoapUI-5.7.2/lib/hk2-locator-2.6.1.jar:/usr/local/SmartBear/SoapUI-5.7.2/lib/hk2-utils-2.6.1.jar:/usr/local/SmartBear/SoapUI-5.7.2/lib/htmlunit-2.7.jar:/usr/local/SmartBear/SoapUI-5.7.2/lib/htmlunit-core-js-2.7.jar:/usr/local/SmartBear/SoapUI-5.7.2/lib/httpclient-4.5.5.jar:/usr/local/SmartBear/SoapUI-5.7.2/lib/httpclient-cache-4.5.5.jar:/usr/local/SmartBear/SoapUI-5.7.2/lib/httpcore-4.4.9.jar:/usr/local/SmartBear/SoapUI-5.7.2/lib/httpcore-nio-4.4.9.jar:/usr/local/SmartBear/SoapUI-5.7.2/lib/httpmime-4.5.5.jar:/usr/local/SmartBear/SoapUI-5.7.2/lib/i4jruntime-5.1.14.jar:/usr/local/SmartBear/SoapUI-5.7.2/lib/istack-commons-runtime-3.0.8.jar:/usr/local/SmartBear/SoapUI-5.7.2/lib/jackson-annotations-2.13.0.jar:/usr/local/SmartBear/SoapUI-5.7.2/lib/jackson-core-2.13.0.jar:/usr/local/SmartBear/SoapUI-5.7.2/lib/jackson-coreutils-1.8.jar:/usr/local/SmartBear/SoapUI-5.7.2/lib/jackson-databind-2.13.0.jar:/usr/local/SmartBear/SoapUI-5.7.2/lib/jackson-dataformat-xml-2.10.1.jar:/usr/local/SmartBear/SoapUI-5.7.2/lib/jackson-dataformat-yaml-2.11.1.jar:/usr/local/SmartBear/SoapUI-5.7.2/lib/jackson-datatype-joda-2.10.1.jar:/usr/local/SmartBear/SoapUI-5.7.2/lib/jackson-jaxrs-base-2.10.1.jar:/usr/local/SmartBear/SoapUI-5.7.2/lib/jackson-jaxrs-json-provider-2.10.1.jar:/usr/local/SmartBear/SoapUI-5.7.2/lib/jackson-jaxrs-xml-provider-2.10.1.jar:/usr/local/SmartBear/SoapUI-5.7.2/lib/jackson-module-jaxb-annotations-2.10.1.jar:/usr/local/SmartBear/SoapUI-5.7.2/lib/jakarta.activation-1.2.1.jar:/usr/local/SmartBear/SoapUI-5.7.2/lib/jakarta.activation-api-1.2.1.jar:/usr/local/SmartBear/SoapUI-5.7.2/lib/jakarta.annotation-api-1.3.5.jar:/usr/local/SmartBear/SoapUI-5.7.2/lib/jakarta.inject-2.6.1.jar:/usr/local/SmartBear/SoapUI-5.7.2/lib/jakarta.validation-api-2.0.2.jar:/usr/local/SmartBear/SoapUI-5.7.2/lib/jakarta.ws.rs-api-2.1.6.jar:/usr/local/SmartBear/SoapUI-5.7.2/lib/jakarta.xml.bind-api-2.3.2.jar:/usr/local/SmartBear/SoapUI-5.7.2/lib/java-dataloader-3.1.0.jar:/usr/local/SmartBear/SoapUI-5.7.2/lib/javafx-base-16-linux.jar:/usr/local/SmartBear/SoapUI-5.7.2/lib/javafx-base-16.jar:/usr/local/SmartBear/SoapUI-5.7.2/lib/javafx-controls-16-linux.jar:/usr/local/SmartBear/SoapUI-5.7.2/lib/javafx-controls-16.jar:/usr/local/SmartBear/SoapUI-5.7.2/lib/javafx-graphics-16-linux.jar:/usr/local/SmartBear/SoapUI-5.7.2/lib/jdom-1.0.jar:/usr/local/SmartBear/SoapUI-5.7.2/lib/javafx-graphics-16.jar:/usr/local/SmartBear/SoapUI-5.7.2/lib/javafx-media-16-linux.jar:/usr/local/SmartBear/SoapUI-5.7.2/lib/javafx-media-16.jar:/usr/local/SmartBear/SoapUI-5.7.2/lib/javafx-swing-16-linux.jar:/usr/local/SmartBear/SoapUI-5.7.2/lib/javafx-web-16-linux.jar:/usr/local/SmartBear/SoapUI-5.7.2/lib/javaparser-core-3.16.1.jar:/usr/local/SmartBear/SoapUI-5.7.2/lib/javassist-3.16.1-GA.jar:/usr/local/SmartBear/SoapUI-5.7.2/lib/jaxb-runtime-2.3.2.jar:/usr/local/SmartBear/SoapUI-5.7.2/lib/jaxen-1.1-beta-8.jar:/usr/local/SmartBear/SoapUI-5.7.2/lib/jcifs-1.2.9.jar:/usr/local/SmartBear/SoapUI-5.7.2/lib/jcommander-1.78.jar:/usr/local/SmartBear/SoapUI-5.7.2/lib/jersey-client-2.29.1.jar:/usr/local/SmartBear/SoapUI-5.7.2/lib/jersey-common-2.29.1.jar:/usr/local/SmartBear/SoapUI-5.7.2/lib/jersey-container-servlet-core-2.29.1.jar:/usr/local/SmartBear/SoapUI-5.7.2/lib/jersey-hk2-2.29.1.jar:/usr/local/SmartBear/SoapUI-5.7.2/lib/jersey-media-jaxb-2.29.1.jar:/usr/local/SmartBear/SoapUI-5.7.2/lib/jersey-media-multipart-2.29.1.jar:/usr/local/SmartBear/SoapUI-5.7.2/lib/jersey-server-2.29.1.jar:/usr/local/SmartBear/SoapUI-5.7.2/lib/jettison-1.2.jar:/usr/local/SmartBear/SoapUI-5.7.2/lib/jetty-6.1.26.jar:/usr/local/SmartBear/SoapUI-5.7.2/lib/jetty-util-6.1.26.jar:/usr/local/SmartBear/SoapUI-5.7.2/lib/jline-2.14.6.jar:/usr/local/SmartBear/SoapUI-5.7.2/lib/jms-1.1.jar:/usr/local/SmartBear/SoapUI-5.7.2/lib/joda-time-2.9.9.jar:/usr/local/SmartBear/SoapUI-5.7.2/lib/jopt-simple-5.0.3.jar:/usr/local/SmartBear/SoapUI-5.7.2/lib/js-1.7R2.jar:/usr/local/SmartBear/SoapUI-5.7.2/lib/json-20090211.jar:/usr/local/SmartBear/SoapUI-5.7.2/lib/json-lib-2.2.2-jdk15.jar:/usr/local/SmartBear/SoapUI-5.7.2/lib/json-path-2.4.0-fixed.jar:/usr/local/SmartBear/SoapUI-5.7.2/lib/json-schema-core-1.2.8.jar:/usr/local/SmartBear/SoapUI-5.7.2/lib/json-schema-validator-2.2.8.jar:/usr/local/SmartBear/SoapUI-5.7.2/lib/json-smart-2.3.jar:/usr/local/SmartBear/SoapUI-5.7.2/lib/jsr173_api-1.0.jar:/usr/local/SmartBear/SoapUI-5.7.2/lib/jsr305-1.3.9.jar:/usr/local/SmartBear/SoapUI-5.7.2/lib/jtidy-r872-jdk15.jar:/usr/local/SmartBear/SoapUI-5.7.2/lib/junit-4.13.1.jar:/usr/local/SmartBear/SoapUI-5.7.2/lib/junit-jupiter-api-5.7.0.jar:/usr/local/SmartBear/SoapUI-5.7.2/lib/junit-jupiter-engine-5.7.0.jar:/usr/local/SmartBear/SoapUI-5.7.2/lib/junit-platform-commons-1.7.0.jar:/usr/local/SmartBear/SoapUI-5.7.2/lib/junit-platform-engine-1.7.0.jar:/usr/local/SmartBear/SoapUI-5.7.2/lib/junit-platform-launcher-1.7.0.jar:/usr/local/SmartBear/SoapUI-5.7.2/lib/l2fprod-common-directorychooser-7.3.jar:/usr/local/SmartBear/SoapUI-5.7.2/lib/l2fprod-common-fontchooser-7.3.jar:/usr/local/SmartBear/SoapUI-5.7.2/lib/libphonenumber-8.0.0.jar:/usr/local/SmartBear/SoapUI-5.7.2/lib/log4j-api-2.17.1.jar:/usr/local/SmartBear/SoapUI-5.7.2/lib/log4j-core-2.17.1.jar:/usr/local/SmartBear/SoapUI-5.7.2/lib/log4j-slf4j-impl-2.17.1.jar:/usr/local/SmartBear/SoapUI-5.7.2/lib/looks-2.2.0.jar:/usr/local/SmartBear/SoapUI-5.7.2/lib/mail-1.4.jar:/usr/local/SmartBear/SoapUI-5.7.2/lib/mailapi-1.4.3.jar:/usr/local/SmartBear/SoapUI-5.7.2/lib/maven-plugin-api-2.0.jar:/usr/local/SmartBear/SoapUI-5.7.2/lib/miglayout-core-11.0.jar:/usr/local/SmartBear/SoapUI-5.7.2/lib/miglayout-swing-11.0.jar:/usr/local/SmartBear/SoapUI-5.7.2/lib/mimepull-1.9.11.jar:/usr/local/SmartBear/SoapUI-5.7.2/lib/mixpanel-java-1.4.4.jar:/usr/local/SmartBear/SoapUI-5.7.2/lib/msg-simple-1.1.jar:/usr/local/SmartBear/SoapUI-5.7.2/lib/nekohtml-1.9.14.jar:/usr/local/SmartBear/SoapUI-5.7.2/lib/not-going-to-be-commons-ssl-0.3.20.jar:/usr/local/SmartBear/SoapUI-5.7.2/lib/opensaml-2.5.1-1.jar:/usr/local/SmartBear/SoapUI-5.7.2/lib/opentest4j-1.2.0.jar:/usr/local/SmartBear/SoapUI-5.7.2/lib/openws-1.4.2-1.jar:/usr/local/SmartBear/SoapUI-5.7.2/lib/org.apache.oltu.oauth2.client-0.31.jar:/usr/local/SmartBear/SoapUI-5.7.2/lib/org.apache.oltu.oauth2.common-0.31.jar:/usr/local/SmartBear/SoapUI-5.7.2/lib/org.apache.oltu.oauth2.httpclient4-0.31.jar:/usr/local/SmartBear/SoapUI-5.7.2/lib/osgi-resource-locator-1.0.3.jar:/usr/local/SmartBear/SoapUI-5.7.2/lib/out-app-analytics-provider-5.5.3.jar:/usr/local/SmartBear/SoapUI-5.7.2/lib/picocli-4.5.1.jar:/usr/local/SmartBear/SoapUI-5.7.2/lib/proxy-vole-20131209.jar:/usr/local/SmartBear/SoapUI-5.7.2/lib/qdox-1.12.1.jar:/usr/local/SmartBear/SoapUI-5.7.2/lib/reactive-streams-1.0.2.jar:/usr/local/SmartBear/SoapUI-5.7.2/lib/reflections-0.9.9-RC1.jar:/usr/local/SmartBear/SoapUI-5.7.2/lib/rhino-1.7R4.jar:/usr/local/SmartBear/SoapUI-5.7.2/lib/rsyntaxtextarea-2.5.0.jar:/usr/local/SmartBear/SoapUI-5.7.2/lib/sac-1.3.jar:/usr/local/SmartBear/SoapUI-5.7.2/lib/saxon-9.1.0.8j.jar:/usr/local/SmartBear/SoapUI-5.7.2/lib/saxon-9.jar:/usr/local/SmartBear/SoapUI-5.7.2/lib/saxon-dom-9.1.0.8j.jar:/usr/local/SmartBear/SoapUI-5.7.2/lib/serializer-2.7.2.jar:/usr/local/SmartBear/SoapUI-5.7.2/lib/servlet-api-2.5-20081211.jar:/usr/local/SmartBear/SoapUI-5.7.2/lib/slf4j-api-1.7.25.jar:/usr/local/SmartBear/SoapUI-5.7.2/lib/slf4j-ext-1.7.22.jar:/usr/local/SmartBear/SoapUI-5.7.2/lib/snakeyaml-1.26.jar:/usr/local/SmartBear/SoapUI-5.7.2/lib/stax-ex-1.8.1.jar:/usr/local/SmartBear/SoapUI-5.7.2/lib/stax2-api-3.1.4.jar:/usr/local/SmartBear/SoapUI-5.7.2/lib/swagger-annotations-1.6.2.jar:/usr/local/SmartBear/SoapUI-5.7.2/lib/swagger-core-1.6.2.jar:/usr/local/SmartBear/SoapUI-5.7.2/lib/swagger-inflector-1.0.19.jar:/usr/local/SmartBear/SoapUI-5.7.2/lib/swagger-jaxrs-1.6.0.jar:/usr/local/SmartBear/SoapUI-5.7.2/lib/swagger-jersey2-jaxrs-1.6.0.jar:/usr/local/SmartBear/SoapUI-5.7.2/lib/swagger-models-1.6.2.jar:/usr/local/SmartBear/SoapUI-5.7.2/lib/swagger-parser-1.0.54.jar:/usr/local/SmartBear/SoapUI-5.7.2/lib/swingx-soapui.jar:/usr/local/SmartBear/SoapUI-5.7.2/lib/testng-7.3.0.jar:/usr/local/SmartBear/SoapUI-5.7.2/lib/txw2-2.3.2.jar:/usr/local/SmartBear/SoapUI-5.7.2/lib/uri-template-0.9.jar:/usr/local/SmartBear/SoapUI-5.7.2/lib/woodstox-core-5.0.3.jar:/usr/local/SmartBear/SoapUI-5.7.2/lib/ws-commons-util-1.0.2.jar:/usr/local/SmartBear/SoapUI-5.7.2/lib/wsdl4j-1.6.2-fixed.jar:/usr/local/SmartBear/SoapUI-5.7.2/lib/wss4j-1.6.17.jar:/usr/local/SmartBear/SoapUI-5.7.2/lib/xalan-2.7.2.jar:/usr/local/SmartBear/SoapUI-5.7.2/lib/xercesImpl-2.12.0.jar:/usr/local/SmartBear/SoapUI-5.7.2/lib/xml-apis-1.4.01.jar:/usr/local/SmartBear/SoapUI-5.7.2/lib/xml-apis-2.9.1.jar:/usr/local/SmartBear/SoapUI-5.7.2/lib/xmlParserAPIs-2.6.2.jar:/usr/local/SmartBear/SoapUI-5.7.2/lib/xmlbeans-3.1.1-sb-fixed.jar:/usr/local/SmartBear/SoapUI-5.7.2/lib/xmlbeans-xpath-2.6.0.jar:/usr/local/SmartBear/SoapUI-5.7.2/lib/xmlpull-1.1.3.1.jar:/usr/local/SmartBear/SoapUI-5.7.2/lib/xmlsec-2.1.7.jar:/usr/local/SmartBear/SoapUI-5.7.2/lib/xmltooling-1.3.2-1.jar:/usr/local/SmartBear/SoapUI-5.7.2/lib/xmlunit-1.2.jar:/usr/local/SmartBear/SoapUI-5.7.2/lib/xom-1.1.jar:/usr/local/SmartBear/SoapUI-5.7.2/lib/xpp3_min-1.1.4c.jar:/usr/local/SmartBear/SoapUI-5.7.2/lib/xstream-1.4.13.jar"/><property name="java.vm.vendor" value="BellSoft"/><property name="sun.arch.data.model" value="64"/><property name="sun.font.fontmanager" value="sun.awt.X11FontManager"/><property name="java.vendor.url" value="https://bell-sw.com/"/><property name="log4j2.formatMsgNoLookups" value="true"/><property name="user.timezone" value="GMT"/><property name="java.vm.specification.version" value="16"/><property name="os.name" value="Linux"/><property name="sun.java.launcher" value="SUN_STANDARD"/><property name="user.country" value="US"/><property name="sun.boot.library.path" value="/usr/local/SmartBear/SoapUI-5.7.2/jre/lib"/><property name="sun.java.command" value="com.eviware.soapui.tools.SoapUITestCaseRunner -Duser.home=/workspace/source/logs/soapui -Djava.awt.headless=true -A -a -r -j -J -M -f/workspace/source/reports/soapui/UniqaAtFundManagementServiceV1_Test -t/workspace/source/wmtestexecutor/wm_is_soapui/soapui-settings-ci.xml -hmsr-finance-and-fund-services-deve.uits-integration-msr-finance-and-fund-services-deve.svc.cluster.local:5555 -s FundManagementService - Soap /workspace/source/packages/test/UniqaAtFundManagementServiceV1_Test/resources/test/soapui/FundManagementServiceV1SOAP-soapui-project.xml"/><property name="jdk.debug" value="release"/><property name="sun.cpu.endian" value="little"/><property name="user.home" value="/workspace/source/logs/soapui"/><property name="user.language" value="en"/><property name="java.specification.vendor" value="Oracle Corporation"/><property name="soapui.home" value="/usr/local/SmartBear/SoapUI-5.7.2/bin"/><property name="java.version.date" value="2021-07-20"/><property name="java.home" value="/usr/local/SmartBear/SoapUI-5.7.2/jre"/><property name="file.separator" value="/"/><property name="java.vm.compressedOopsMode" value="32-bit"/><property name="line.separator" value="
"/><property name="java.vm.specification.vendor" value="Oracle Corporation"/><property name="java.specification.name" value="Java Platform API Specification"/><property name="soapui.ext.listeners" value="/usr/local/SmartBear/SoapUI-5.7.2/bin/listeners"/><property name="java.awt.headless" value="true"/><property name="groovy.source.encoding" value="iso-8859-1"/><property name="sun.management.compiler" value="HotSpot 64-Bit Tiered Compilers"/><property name="java.runtime.version" value="16.0.2+7"/><property name="user.name" value="1002160000"/><property name="path.separator" value=":"/><property name="os.version" value="5.14.0-284.59.1.el9_2.x86_64"/><property name="java.runtime.name" value="OpenJDK Runtime Environment"/><property name="file.encoding" value="ANSI_X3.4-1968"/><property name="soapui.ext.libraries" value="/usr/local/SmartBear/SoapUI-5.7.2/bin/ext"/><property name="java.vm.name" value="OpenJDK 64-Bit Server VM"/><property name="java.vendor.url.bug" value="https://bell-sw.com/support"/><property name="java.io.tmpdir" value="/tmp"/><property name="java.version" value="16.0.2"/><property name="user.dir" value="/usr/local/SmartBear/SoapUI-5.7.2/bin"/><property name="os.arch" value="amd64"/><property name="java.vm.specification.name" value="Java Virtual Machine Specification"/><property name="soapui.export.separator" value="/"/><property name="java.library.path" value="/usr/java/packages/lib:/usr/lib64:/lib64:/lib:/usr/lib"/><property name="java.vm.info" value="mixed mode"/><property name="java.vendor" value="BellSoft"/><property name="java.vm.version" value="16.0.2+7"/><property name="sun.io.unicode.encoding" value="UnicodeLittle"/><property name="soapui.ext.actions" value="/usr/local/SmartBear/SoapUI-5.7.2/bin/actions"/><property name="java.class.version" value="60.0"/><property name="soapui.properties" value="soapui.properties"/></properties><testcase name="ping" time="2.601"><properties/></testcase><testcase name="getFundRate" time="1.24"><properties/><failure type="Cancelling due to failed test step" message="Cancelling due to failed test step"><![CDATA[<h3><b>04a getFundRate - Negative - fondsID wrong value Failed</b></h3><pre>[XPath Match - BE code] XPathContains comparison failed for path [declare namespace hdr='http://www.uniqagroup.com/integration/services/common/header/v2';
declare namespace soapenv='http://schemas.xmlsoap.org/soap/envelope/';
/soapenv:Envelope/soapenv:Body/soapenv:Fault/detail/hdr:UniqaIntegrationFault/BusinessException/code], expecting [FMS.E.65301], actual was [FMS.E.65303]
[XPath Match - BE reason] XPathContains comparison failed for path [declare namespace hdr='http://www.uniqagroup.com/integration/services/common/header/v2';
declare namespace soapenv='http://schemas.xmlsoap.org/soap/envelope/';
/soapenv:Envelope/soapenv:Body/soapenv:Fault/detail/hdr:UniqaIntegrationFault/BusinessException/reason], expecting [Invalid or insufficient input parameter(s)], actual was [An Error happened in MSG.FD: Funds with given ISIN does not exists: 123.]
</pre><hr/>]]></failure></testcase></testsuite>