<?xml version="1.0" encoding="UTF-8"?>
<testsuite name="ExampleTestSuite2" tests="20" failures="10" errors="0" skipped="0" time="0.123">
    <properties>
        <property name="java.vendor" value="Oracle Corporation"/>
        <property name="compiler.version" value="1.8"/>
    </properties>
    <testcase classname="example.FirstTest" name="testSomething" time="0.001"/>
    <testcase classname="example.SecondTest" name="testSomethingElse" time="0.122">
        <failure message="expected:&lt;true&gt; but was:&lt;false&gt;" type="java.lang.AssertionError">
            java.lang.AssertionError: expected:&lt;true&gt; but was:&lt;false&gt;
                at example.SecondTest.testSomethingElse(SecondTest.java:22)
        </failure>
    </testcase>
    <system-out><![CDATA[Some system out message]]></system-out>
    <system-err><![CDATA[Some error message]]></system-err>
</testsuite>