<?xml version="1.0" encoding="UTF-8" ?>
<testsuite errors="0" failures="0" hostname="ci-temp-pipeline-3vgmbt-solution-ut-task-pod" name="DemoProjectAtContractServiceV2_Test.DemoProjectAtContractService Unit Tests: 01 errorHandling" skipped="0" tests="45" time="0.538" timestamp="2024-03-07T08:59:30">
  <properties>
    <property name="java.vendor" value="Azul Systems, Inc." />
    <property name="sun.java.launcher" value="SUN_STANDARD" />
    <property name="sun.management.compiler" value="HotSpot 64-Bit Tiered Compilers" />
    <property name="webMethods.home" value="/workspace/source/wmtestexecutor/WmTestSuiteExecutor/libraries" />
    <property name="watt.net.proxyUser" value="" />
    <property name="os.name" value="Linux" />
    <property name="test.reports.dir" value="/workspace/source/reports/unit-tests" />
    <property name="watt.net.secureProxyPass" value="" />
    <property name="java.vm.specification.vendor" value="Oracle Corporation" />
    <property name="ant.home" value="/usr/local/ant" />
    <property name="java.runtime.version" value="11.0.21+9-LTS" />
    <property name="user.name" value="root" />
    <property name="watt.net.proxyPass" value="" />
    <property name="user.language" value="en" />
    <property name="sun.boot.library.path" value="/usr/local/java/lib" />
    <property name="ant.project.default-target" value="composite-runner-all-tests" />
    <property name="ant.project.name" value="WmTestSuite Runner Builder" />
    <property name="java.vm.compressedOopsMode" value="Zero based" />
    <property name="java.version" value="11.0.21" />
    <property name="user.timezone" value="" />
    <property name="org.omg.PortableInterceptor.ORBInitializerClass.org.omg.PortableInterceptor.RuxitOrbInitializer" value="" />
    <property name="sun.arch.data.model" value="64" />
    <property name="http.nonProxyHosts" value="" />
    <property name="sun.cpu.isalist" value="" />
    <property name="sun.jnu.encoding" value="ANSI_X3.4-1968" />
    <property name="file.separator" value="/" />
    <property name="java.specification.name" value="Java Platform API Specification" />
    <property name="java.class.version" value="55.0" />
    <property name="ant.file.type.WmTestSuite Runner Builder" value="file" />
    <property name="user.country" value="US" />
    <property name="webMethods.integrationServer.userid" value="Administrator" />
    <property name="java.home" value="/usr/local/java" />
    <property name="java.vm.info" value="mixed mode" />
    <property name="ant.file" value="/workspace/source/wmtestexecutor/WmTestSuiteExecutor/run-composite-runner.xml" />
    <property name="os.version" value="4.18.0-372.82.1.el8_6.x86_64" />
    <property name="watt.net.secureProxyHost" value="" />
    <property name="webMethods.test.profile.result.includeExecutionModelReport" value="true" />
    <property name="path.separator" value=":" />
    <property name="java.vm.version" value="11.0.21+9-LTS" />
    <property name="ant.library.dir" value="/usr/local/ant/lib" />
    <property name="webMethods.integrationServer.port" value="5555" />
    <property name="java.awt.printerjob" value="sun.print.PSPrinterJob" />
    <property name="sun.io.unicode.encoding" value="UnicodeLittle" />
    <property name="java.specification.maintenance.version" value="2" />
    <property name="awt.toolkit" value="sun.awt.X11.XToolkit" />
    <property name="ant.file.WmTestSuite Runner Builder" value="/workspace/source/wmtestexecutor/WmTestSuiteExecutor/run-composite-runner.xml" />
    <property name="watt.net.proxyHost" value="" />
    <property name="user.home" value="/root" />
    <property name="java.version.date" value="2023-10-17" />
    <property name="java.specification.vendor" value="Oracle Corporation" />
    <property name="java.library.path" value="/usr/java/packages/lib:/usr/lib64:/lib64:/lib:/usr/lib" />
    <property name="java.vendor.url" value="http://www.azul.com/" />
    <property name="pack.location" value="/workspace/source/packages/DemoProjectAtContractServiceV2_Test/" />
    <property name="java.vm.vendor" value="Azul Systems, Inc." />
    <property name="webMethods.test.setup.profile.mode" value="NONE" />
    <property name="webMethods.test.profile.result.location" value="/workspace/source/reports/unit-tests" />
    <property name="java.runtime.name" value="OpenJDK Runtime Environment" />
    <property name="java.class.path" value="/workspace/source/wmtestexecutor/WmTestSuiteExecutor/libraries/common/lib/testsuite/commons-jxpath-1.2.jar:/workspace/source/wmtestexecutor/WmTestSuiteExecutor/libraries/common/lib/testsuite/hamcrest-core.jar:/workspace/source/wmtestexecutor/WmTestSuiteExecutor/libraries/common/lib/testsuite/httpunit.jar:/workspace/source/wmtestexecutor/WmTestSuiteExecutor/libraries/common/lib/testsuite/javax.xml.soap-api.jar:/workspace/source/wmtestexecutor/WmTestSuiteExecutor/libraries/common/lib/testsuite/junit.jar:/workspace/source/wmtestexecutor/WmTestSuiteExecutor/libraries/common/lib/testsuite/serviceInterceptor.jar:/workspace/source/wmtestexecutor/WmTestSuiteExecutor/libraries/common/lib/testsuite/serviceMockClient.jar:/workspace/source/wmtestexecutor/WmTestSuiteExecutor/libraries/common/lib/testsuite/wmjxpath.jar:/workspace/source/wmtestexecutor/WmTestSuiteExecutor/libraries/common/lib/testsuite/xmlunit1.0.jar:/workspace/source/wmtestexecutor/WmTestSuiteExecutor/libraries/common/lib/ext/jackson-core.jar:/workspace/source/wmtestexecutor/WmTestSuiteExecutor/libraries/common/lib/ext/xml-apis.jar:/workspace/source/wmtestexecutor/WmTestSuiteExecutor/libraries/common/lib/wm-isclient.jar:/workspace/source/wmtestexecutor/WmTestSuiteExecutor/libraries/common/lib/ext/icu4j.jar:/workspace/source/wmtestexecutor/WmTestSuiteExecutor/libraries/common/lib/ext/enttoolkit.jar:/workspace/source/wmtestexecutor/WmTestSuiteExecutor/libraries/IntegrationServer/lib/wm-isserver.jar:/workspace/source/wmtestexecutor/WmTestSuiteExecutor/libraries/common/lib/wm-g11nutils.jar:/workspace/source/wmtestexecutor/WmTestSuiteExecutor/libraries/common/lib/glassfish/gf.jakarta.mail.jar:/workspace/source/wmtestexecutor/WmTestSuiteExecutor/libraries/common/lib/ant/ant-contrib-1.0b3.jar:/usr/local/ant/lib/ant-launcher.jar:/usr/local/ant/lib/ant.jar:/usr/local/ant/lib/ant-junit.jar:/usr/local/ant/lib/ant-junit4.jar" />
    <property name="ant.version" value="Apache Ant(TM) version 1.10.12 compiled on October 13 2021" />
    <property name="sun.java.command" value="org.apache.tools.ant.taskdefs.optional.junit.JUnitTestRunner com.softwareag.utf.runner.UTFSuiteCompositeRunner$init skipNonTests=false filtertrace=true haltOnError=false haltOnFailure=false formatter=org.apache.tools.ant.taskdefs.optional.junit.SummaryJUnitResultFormatter showoutput=true outputtoformatters=true logfailedtests=true threadid=0 logtestlistenerevents=false formatter=org.apache.tools.ant.taskdefs.optional.junit.PlainJUnitResultFormatter,/workspace/source/reports/unit-tests/TEST-com.softwareag.utf.runner.UTFSuiteCompositeRunner$init.txt formatter=com.softwareag.utf.runner.XMLJUnitResultFormatter,/workspace/source/reports/unit-tests/TEST-com.softwareag.utf.runner.UTFSuiteCompositeRunner$init.xml crashfile=/workspace/source/wmtestexecutor/WmTestSuiteExecutor/junitvmwatcher705640794179950056.properties propsfile=/workspace/source/wmtestexecutor/WmTestSuiteExecutor/junit3155397621900480429.properties" />
    <property name="webMethods.test.scope.packages.set" value="true" />
    <property name="jdk.debug" value="release" />
    <property name="java.vm.specification.name" value="Java Virtual Machine Specification" />
    <property name="ant.file.type" value="file" />
    <property name="webMethods.integrationServer.ssl" value="false" />
    <property name="java.vm.specification.version" value="11" />
    <property name="sun.cpu.endian" value="little" />
    <property name="sun.os.patch.level" value="unknown" />
    <property name="java.io.tmpdir" value="/tmp" />
    <property name="java.vendor.url.bug" value="http://www.azul.com/support/" />
    <property name="webMethods.integrationServer.name" value="uniqa-esb-ctr-contract-services-microservicesruntime.uits-esb-poc-deve.svc.cluster.local" />
    <property name="webMethods.test.scope.packages" value="" />
    <property name="webMethods.test.profile.result.includeServiceLevelReport" value="true" />
    <property name="os.arch" value="amd64" />
    <property name="java.awt.graphicsenv" value="sun.awt.X11GraphicsEnvironment" />
    <property name="watt.net.secureProxyPort" value="" />
    <property name="test.externalClasspath.dir" value="/workspace/source/packages/DemoProjectAtContractServiceV2_Test//resources/jars,/workspace/source/packages/DemoProjectAtContractServiceV2_Test//resources/java/jars,/workspace/source/packages/DemoProjectAtContractServiceV2_Test//resources/test/jars,/workspace/source/packages/DemoProjectAtContractServiceV2_Test//resources/java/classes,/workspace/source/packages/DemoProjectAtContractServiceV2_Test//resources/test/classes,/**/*.class/**/*.class/**/*.class/**/*.class/**/*.class" />
    <property name="user.dir" value="/workspace/source/wmtestexecutor/WmTestSuiteExecutor" />
    <property name="line.separator" value="&#xa;" />
    <property name="java.vm.name" value="OpenJDK 64-Bit Server VM" />
    <property name="jdk.vendor.version" value="Zulu11.68+18-SA" />
    <property name="basedir" value="/workspace/source/wmtestexecutor/WmTestSuiteExecutor" />
    <property name="ant.java.version" value="11" />
    <property name="ant.core.lib" value="/usr/local/ant/lib/ant.jar" />
    <property name="webMethods.test.setup.external.classpath.layout" value="resources/test/classes,resources/java/classes,resources/test/jars,resources/java/jars,resources/jars" />
    <property name="watt.net.proxyPort" value="" />
    <property name="current.project" value="WmTestSuiteExecutor" />
    <property name="file.encoding" value="ANSI_X3.4-1968" />
    <property name="watt.net.secureProxyUser" value="" />
    <property name="webMethods.integrationServer.password" value="manage" />
    <property name="java.specification.version" value="11" />
    <property name="ant.project.invoked-targets" value="composite-runner-all-tests" />
    <property name="java.vendor.version" value="Zulu11.68+18-SA" />
    <property name="webMethods.test.setup.location.set" value="true" />
    <property name="webMethods.test.setup.location" value="/workspace/source/packages/DemoProjectAtContractServiceV2_Test/" />
  </properties>
  <testcase classname="com.wm.ps.test.WmTestCase" name="2.0 TC03 - errorHandling - checkReadResponse - SUCCESS" time="0.006" />
  <testcase classname="com.wm.ps.test.WmTestCase" name="2.1 TC04 - errorHandling - checkReadResponse - NOTFOUND" time="0.02" />
  <testcase classname="com.wm.ps.test.WmTestCase" name="2.2 TC05a - errorHandling - checkReadResponse - BAD_REQUEST_4010" time="0.013" />
  <testcase classname="com.wm.ps.test.WmTestCase" name="2.3 TC05b - errorHandling - checkReadResponse - BAD_REQUEST_4000" time="0.009" />
  <testcase classname="com.wm.ps.test.WmTestCase" name="2.4 TC06 - errorHandling - checkReadResponse - ERROR" time="0.009" />
  <testcase classname="com.wm.ps.test.WmTestCase" name="2.5 TC24 - errorHandling - checkReadPositionszeilenResponse - SUCCESS" time="0.006" />
  <testcase classname="com.wm.ps.test.WmTestCase" name="2.6 TC25 - errorHandling - checkReadPositionszeilenResponse - NOTFOUND" time="0.006" />
  <testcase classname="com.wm.ps.test.WmTestCase" name="2.7 TC26a - errorHandling - checkReadPositionszeilenResponse - BAD_REQUEST_4010" time="0.009" />
  <testcase classname="com.wm.ps.test.WmTestCase" name="2.8 TC26b - errorHandling - checkReadPositionszeilenResponse - BAD_REQUEST_4000" time="0.01" />
  <testcase classname="com.wm.ps.test.WmTestCase" name="2.9 TC27 - errorHandling - checkReadPositionszeilenResponse - ERROR" time="0.008" />
  <testcase classname="com.wm.ps.test.WmTestCase" name="2.10 TC27b - errorHandling - checkReadPositionszeilenResponse - FAULT HANDLING" time="0.026" />
  <testcase classname="com.wm.ps.test.WmTestCase" name="2.11 TC52 - errorHandling - checkSearchResponse - NOTFOUND" time="0.005" />
  <testcase classname="com.wm.ps.test.WmTestCase" name="2.12 TC53a - errorHandling - checkSearchResponse - BAD_REQUEST_4000" time="0.008" />
  <testcase classname="com.wm.ps.test.WmTestCase" name="2.13 TC53b - errorHandling - checkSearchResponse - BAD_REQUEST_4010" time="0.008" />
  <testcase classname="com.wm.ps.test.WmTestCase" name="2.14 TC53c - errorHandling - checkSearchResponse - BAD_REQUEST_4111 MessageId = 020006" time="0.008" />
  <testcase classname="com.wm.ps.test.WmTestCase" name="2.15 TC53d - errorHandling - checkSearchResponse - BAD_REQUEST_4112 MessageId = 200020" time="0.01" />
  <testcase classname="com.wm.ps.test.WmTestCase" name="2.16 TC53e - errorHandling - checkSearchResponse - BAD_REQUEST_4112 MessageId = 010805" time="0.01" />
  <testcase classname="com.wm.ps.test.WmTestCase" name="2.17 TC53f - errorHandling - checkSearchResponse - BAD_REQUEST_4103" time="0.011" />
  <testcase classname="com.wm.ps.test.WmTestCase" name="2.18 TC53g - errorHandling - checkSearchResponse - BAD_REQUEST_4104_200014" time="0.01" />
  <testcase classname="com.wm.ps.test.WmTestCase" name="2.19 TC53h - errorHandling - checkSearchResponse - BAD_REQUEST_4104_200015" time="0.013" />
  <testcase classname="com.wm.ps.test.WmTestCase" name="2.20 TC53i - errorHandling - checkSearchResponse - BAD_REQUEST_4202" time="0.011" />
  <testcase classname="com.wm.ps.test.WmTestCase" name="2.21 TC53j - errorHandling - checkSearchResponse - BAD_REQUEST_4011" time="0.01" />
  <testcase classname="com.wm.ps.test.WmTestCase" name="2.22 TC53k - errorHandling - checkSearchResponse - BAD_REQUEST_4119" time="0.009" />
  <testcase classname="com.wm.ps.test.WmTestCase" name="2.23 TC54 - errorHandling - checkSearchResponse - ERROR" time="0.011" />
  <testcase classname="com.wm.ps.test.WmTestCase" name="2.24 TC54a - errorHandling - checkSearchResponse - INTERNAL_ERROR" time="0.01" />
  <testcase classname="com.wm.ps.test.WmTestCase" name="2.25 TC54b - errorHandling - checkSearchResponse - FAULT HANDLING" time="0.007" />
  <testcase classname="com.wm.ps.test.WmTestCase" name="2.26 TC56 - errorHandling - checkReadVersicherteKFZResponse - NOTFOUND" time="0.006" />
  <testcase classname="com.wm.ps.test.WmTestCase" name="2.27 TC57a - errorHandling - checkReadVersicherteKFZResponse - BAD_REQUEST_4010" time="0.009" />
  <testcase classname="com.wm.ps.test.WmTestCase" name="2.28 TC57b - errorHandling - checkReadVersicherteKFZResponse - BAD_REQUEST_4000" time="0.008" />
  <testcase classname="com.wm.ps.test.WmTestCase" name="2.29 TC58 - errorHandling - checkReadVersicherteKFZResponse - ERROR" time="0.008" />
  <testcase classname="com.wm.ps.test.WmTestCase" name="2.30 TC76 - errorHandling - checkElektrAktLesenResponse - BAD_REQUEST_4000" time="0.008" />
  <testcase classname="com.wm.ps.test.WmTestCase" name="2.31 TC77 - errorHandling - checkElektrAktLesenResponse - BAD_REQUEST_4701" time="0.008" />
  <testcase classname="com.wm.ps.test.WmTestCase" name="2.32 TC78 - errorHandling - checkElektrAktLesenResponse - BAD_REQUEST_4702" time="0.009" />
  <testcase classname="com.wm.ps.test.WmTestCase" name="2.33 TC79 - errorHandling - checkElektrAktLesenResponse - BAD_REQUEST_4010" time="0.01" />
  <testcase classname="com.wm.ps.test.WmTestCase" name="2.34 TC80 - errorHandling - checkElektrAktLesenResponse - ERROR_5140" time="0.017" />
  <testcase classname="com.wm.ps.test.WmTestCase" name="2.35 TC81 - errorHandling - checkElektrAktLesenResponse - INTERNAL_ERROR" time="0.009" />
  <testcase classname="com.wm.ps.test.WmTestCase" name="2.36 TC82 - errorHandling - checkPerson_readPersonFinabest - BAD_REQUEST 4000" time="0.009" />
  <testcase classname="com.wm.ps.test.WmTestCase" name="2.37 TC83 - errorHandling - checkPerson_readPersonFinabest - BAD_REQUEST 4010" time="0.008" />
  <testcase classname="com.wm.ps.test.WmTestCase" name="2.38 TC95 - ErrorHandling - checkReadRiskoAdressenResponse - SUCCESS" time="0.006" />
  <testcase classname="com.wm.ps.test.WmTestCase" name="2.39 TC96 - ErrorHandling - checkReadRiskoAdressenResponse - NOTFOUND" time="0.006" />
  <testcase classname="com.wm.ps.test.WmTestCase" name="2.40 TC97 - ErrorHandling - checkReadRiskoAdressenResponse - ERROR" time="0.009" />
  <testcase classname="com.wm.ps.test.WmTestCase" name="2.41 TC98 - ErrorHandling - checkReadRiskoAdressenResponse - INTERNAL_ERROR" time="0.039" />
  <testcase classname="com.wm.ps.test.WmTestCase" name="2.42 TC99 - ErrorHandling - checkReadRiskoAdressenResponse - BAD_REQUEST - 4000" time="0.011" />
  <testcase classname="com.wm.ps.test.WmTestCase" name="2.43 TC100 - ErrorHandling - checkReadRiskoAdressenResponse - BAD_REQUEST - 4010" time="0.014" />
  <testcase classname="com.wm.ps.test.WmTestCase" name="2.44 TC101 - ErrorHandling - checkReadRiskoAdressenResponse - BAD_REQUEST - 4701" time="0.009" />
</testsuite>
